ISim log file
Running: /class/classes/wfink001/my_alu/my_alu_tb_isim_beh.exe -intstyle ise -gui -tclbatch isim.cmd -wdb /class/classes/wfink001/my_alu/my_alu_tb_isim_beh.wdb 
ISim P.68d (signature 0xfbc00daa)
----------------------------------------------------------------------
INFO:Security:50 - The XILINXD_LICENSE_FILE environment variable is set to '2100@elguapo.cs.ucr.edu'.
INFO:Security:53 - The LM_LICENSE_FILE environment variable is not set.
WARNING:Security:43 - No license file was found in the standard Xilinx license directory.
WARNING:Security:44 - Since no license file was found,
       please run the Xilinx License Configuration Manager
       (xlcm or "Manage Xilinx Licenses")
       to assist in obtaining a license.
WARNING:Security:42 - Your software subscription period has lapsed. Your current version of Xilinx tools will continue to function, but you no longer qualify for Xilinx software updates or new releases.


----------------------------------------------------------------------
This is a Full version of ISim.
Time resolution is 1 ps
# onerror resume
# wave add /
# run 1000 ns
Simulator is doing circuit initialization process.
Finished circuit initialization process.
at 10 ns: Error: Unsigned addition zero error
at 20 ns: Error: Unsigned addition no overflow error
at 30 ns: Error: Unsigned addition overflow error
at 40 ns: Error: Unsigned addition zero error
at 50 ns: Error: Unsigned addition no overflow error
at 60 ns: Error: Unsigned addition overflow error
at 70 ns: Error: Unsigned addition zero error
at 90 ns: Error: Unsigned addition overflow error
at 90 ns: Note: Done with testbench. (/my_alu_tb/).
# exit 0
