Release 14.6 - xst P.68d (lin64)
Copyright (c) 1995-2013 Xilinx, Inc.  All rights reserved.
--> 
Parameter TMPDIR set to xst/projnav.tmp


Total REAL time to Xst completion: 0.00 secs
Total CPU time to Xst completion: 0.09 secs
 
--> 
Parameter xsthdpdir set to xst


Total REAL time to Xst completion: 0.00 secs
Total CPU time to Xst completion: 0.10 secs
 
--> 
Reading design: my_alu.prj

TABLE OF CONTENTS
  1) Synthesis Options Summary
  2) HDL Parsing
  3) HDL Elaboration
  4) HDL Synthesis
       4.1) HDL Synthesis Report
  5) Advanced HDL Synthesis
       5.1) Advanced HDL Synthesis Report
  6) Low Level Synthesis
  7) Partition Report
  8) Design Summary
       8.1) Primitive and Black Box Usage
       8.2) Device utilization summary
       8.3) Partition Resource Summary
       8.4) Timing Report
            8.4.1) Clock Information
            8.4.2) Asynchronous Control Signals Information
            8.4.3) Timing Summary
            8.4.4) Timing Details
            8.4.5) Cross Clock Domains Report


=========================================================================
*                      Synthesis Options Summary                        *
=========================================================================
---- Source Parameters
Input File Name                    : "my_alu.prj"
Ignore Synthesis Constraint File   : NO

---- Target Parameters
Output File Name                   : "my_alu"
Output Format                      : NGC
Target Device                      : xc7a100t-3-csg324

---- Source Options
Top Module Name                    : my_alu
Automatic FSM Extraction           : YES
FSM Encoding Algorithm             : Auto
Safe Implementation                : No
FSM Style                          : LUT
RAM Extraction                     : Yes
RAM Style                          : Auto
ROM Extraction                     : Yes
Shift Register Extraction          : YES
ROM Style                          : Auto
Resource Sharing                   : YES
Asynchronous To Synchronous        : NO
Shift Register Minimum Size        : 2
Use DSP Block                      : Auto
Automatic Register Balancing       : No

---- Target Options
LUT Combining                      : Auto
Reduce Control Sets                : Auto
Add IO Buffers                     : YES
Global Maximum Fanout              : 100000
Add Generic Clock Buffer(BUFG)     : 32
Register Duplication               : YES
Optimize Instantiated Primitives   : NO
Use Clock Enable                   : Auto
Use Synchronous Set                : Auto
Use Synchronous Reset              : Auto
Pack IO Registers into IOBs        : Auto
Equivalent register Removal        : YES

---- General Options
Optimization Goal                  : Speed
Optimization Effort                : 1
Power Reduction                    : NO
Keep Hierarchy                     : No
Netlist Hierarchy                  : As_Optimized
RTL Output                         : Yes
Global Optimization                : AllClockNets
Read Cores                         : YES
Write Timing Constraints           : NO
Cross Clock Analysis               : NO
Hierarchy Separator                : /
Bus Delimiter                      : <>
Case Specifier                     : Maintain
Slice Utilization Ratio            : 100
BRAM Utilization Ratio             : 100
DSP48 Utilization Ratio            : 100
Auto BRAM Packing                  : NO
Slice Utilization Ratio Delta      : 5

=========================================================================


=========================================================================
*                          HDL Parsing                                  *
=========================================================================
Parsing VHDL file "/home/csmajs/scohe001/my_alu/my_mod.vhd" into library work
Parsing entity <my_alu>.
Parsing architecture <Behavioral> of entity <my_alu>.

=========================================================================
*                            HDL Elaboration                            *
=========================================================================

Elaborating entity <my_alu> (architecture <Behavioral>) with generics from library <work>.
WARNING:HDLCompiler:92 - "/home/csmajs/scohe001/my_alu/my_mod.vhd" Line 57: temp should be on the sensitivity list of the process
WARNING:HDLCompiler:92 - "/home/csmajs/scohe001/my_alu/my_mod.vhd" Line 58: temp should be on the sensitivity list of the process
WARNING:HDLCompiler:92 - "/home/csmajs/scohe001/my_alu/my_mod.vhd" Line 62: temp should be on the sensitivity list of the process
WARNING:HDLCompiler:92 - "/home/csmajs/scohe001/my_alu/my_mod.vhd" Line 63: temp should be on the sensitivity list of the process
WARNING:HDLCompiler:92 - "/home/csmajs/scohe001/my_alu/my_mod.vhd" Line 67: temp should be on the sensitivity list of the process
WARNING:HDLCompiler:92 - "/home/csmajs/scohe001/my_alu/my_mod.vhd" Line 68: temp should be on the sensitivity list of the process
WARNING:HDLCompiler:92 - "/home/csmajs/scohe001/my_alu/my_mod.vhd" Line 72: temp should be on the sensitivity list of the process
WARNING:HDLCompiler:92 - "/home/csmajs/scohe001/my_alu/my_mod.vhd" Line 73: temp should be on the sensitivity list of the process
WARNING:HDLCompiler:92 - "/home/csmajs/scohe001/my_alu/my_mod.vhd" Line 89: temp should be on the sensitivity list of the process
INFO:HDLCompiler:679 - "/home/csmajs/scohe001/my_alu/my_mod.vhd" Line 91. Case statement is complete. others clause is never selected
WARNING:HDLCompiler:92 - "/home/csmajs/scohe001/my_alu/my_mod.vhd" Line 96: temp should be on the sensitivity list of the process
WARNING:HDLCompiler:321 - "/home/csmajs/scohe001/my_alu/my_mod.vhd" Line 96: Comparison between arrays of unequal length always returns FALSE.

=========================================================================
*                           HDL Synthesis                               *
=========================================================================

Synthesizing Unit <my_alu>.
    Related source file is "/home/csmajs/scohe001/my_alu/my_mod.vhd".
        n = 2
    Found 3-bit adder for signal <GND_4_o_GND_4_o_add_1_OUT> created at line 61.
    Found 3-bit adder for signal <n0047> created at line 71.
    Found 3-bit adder for signal <GND_4_o_GND_4_o_add_7_OUT> created at line 1253.
    Found 3-bit 6-to-1 multiplexer for signal <temp> created at line 54.
WARNING:Xst:737 - Found 1-bit latch for signal <carryout>. Latches may be generated from incomplete case or if statements. We do not recommend the use of latches in FPGA/CPLD designs, as they may lead to timing problems.
    Summary:
	inferred   2 Adder/Subtractor(s).
	inferred   1 Latch(s).
	inferred  10 Multiplexer(s).
Unit <my_alu> synthesized.

=========================================================================
HDL Synthesis Report

Macro Statistics
# Adders/Subtractors                                   : 2
 3-bit adder                                           : 2
# Latches                                              : 1
 1-bit latch                                           : 1
# Multiplexers                                         : 10
 2-bit 2-to-1 multiplexer                              : 4
 3-bit 2-to-1 multiplexer                              : 6
# Xors                                                 : 2
 2-bit xor2                                            : 1
 3-bit xor2                                            : 1

=========================================================================
INFO:Xst:1767 - HDL ADVISOR - Resource sharing has identified that some arithmetic operations in this design can share the same physical resources for reduced device utilization. For improved clock frequency you may try to disable resource sharing.

=========================================================================
*                       Advanced HDL Synthesis                          *
=========================================================================


=========================================================================
Advanced HDL Synthesis Report

Macro Statistics
# Adders/Subtractors                                   : 2
 3-bit adder                                           : 2
# Multiplexers                                         : 10
 2-bit 2-to-1 multiplexer                              : 4
 3-bit 2-to-1 multiplexer                              : 6
# Xors                                                 : 2
 2-bit xor2                                            : 1
 3-bit xor2                                            : 1

=========================================================================

=========================================================================
*                         Low Level Synthesis                           *
=========================================================================

Optimizing unit <my_alu> ...

Mapping all equations...
Building and optimizing final netlist ...
Found area constraint ratio of 100 (+ 5) on block my_alu, actual ratio is 0.

Final Macro Processing ...

=========================================================================
Final Register Report

Found no macro
=========================================================================

=========================================================================
*                           Partition Report                            *
=========================================================================

Partition Implementation Status
-------------------------------

  No Partitions were found in this design.

-------------------------------

=========================================================================
*                            Design Summary                             *
=========================================================================

Top Level Output File Name         : my_alu.ngc

Primitive and Black Box Usage:
------------------------------
# BELS                             : 5
#      GND                         : 1
#      LUT3                        : 1
#      LUT6                        : 3
# FlipFlops/Latches                : 1
#      LD_1                        : 1
# Clock Buffers                    : 1
#      BUFG                        : 1
# IO Buffers                       : 11
#      IBUF                        : 7
#      OBUF                        : 4

Device utilization summary:
---------------------------

Selected Device : 7a100tcsg324-3 


Slice Logic Utilization: 
 Number of Slice LUTs:                    4  out of  63400     0%  
    Number used as Logic:                 4  out of  63400     0%  

Slice Logic Distribution: 
 Number of LUT Flip Flop pairs used:      4
   Number with an unused Flip Flop:       4  out of      4   100%  
   Number with an unused LUT:             0  out of      4     0%  
   Number of fully used LUT-FF pairs:     0  out of      4     0%  
   Number of unique control sets:         1

IO Utilization: 
 Number of IOs:                          12
 Number of bonded IOBs:                  11  out of    210     5%  
    IOB Flip Flops/Latches:               1

Specific Feature Utilization:
 Number of BUFG/BUFGCTRLs:                1  out of     32     3%  

---------------------------
Partition Resource Summary:
---------------------------

  No Partitions were found in this design.

---------------------------


=========================================================================
Timing Report

NOTE: THESE TIMING NUMBERS ARE ONLY A SYNTHESIS ESTIMATE.
      FOR ACCURATE TIMING INFORMATION PLEASE REFER TO THE TRACE REPORT
      GENERATED AFTER PLACE-and-ROUTE.

Clock Information:
------------------
-----------------------------------+------------------------+-------+
Clock Signal                       | Clock buffer(FF name)  | Load  |
-----------------------------------+------------------------+-------+
opcode<2>                          | IBUF+BUFG              | 1     |
-----------------------------------+------------------------+-------+

Asynchronous Control Signals Information:
----------------------------------------
No asynchronous control signals found in this design

Timing Summary:
---------------
Speed Grade: -3

   Minimum period: No path found
   Minimum input arrival time before clock: 0.801ns
   Maximum output required time after clock: 0.754ns
   Maximum combinational path delay: 1.291ns

Timing Details:
---------------
All values displayed in nanoseconds (ns)

=========================================================================
Timing constraint: Default OFFSET IN BEFORE for Clock 'opcode<2>'
  Total number of paths / destination ports: 6 / 1
-------------------------------------------------------------------------
Offset:              0.801ns (Levels of Logic = 2)
  Source:            opcode<2> (PAD)
  Destination:       carryout (LATCH)
  Destination Clock: opcode<2> rising

  Data Path: opcode<2> to carryout
                                Gate     Net
    Cell:in->out      fanout   Delay   Delay  Logical Name (Net Name)
    ----------------------------------------  ------------
     IBUF:I->O             3   0.001   0.703  opcode_2_IBUF (opcode_2_IBUF)
     LUT6:I0->O            1   0.097   0.000  Mmux_temp5_split<2>1 (Mmux_temp5_split<2>)
     LD_1:D                   -0.028          carryout
    ----------------------------------------
    Total                      0.801ns (0.098ns logic, 0.703ns route)
                                       (12.2% logic, 87.8% route)

=========================================================================
Timing constraint: Default OFFSET OUT AFTER for Clock 'opcode<2>'
  Total number of paths / destination ports: 1 / 1
-------------------------------------------------------------------------
Offset:              0.754ns (Levels of Logic = 1)
  Source:            carryout (LATCH)
  Destination:       carryout (PAD)
  Source Clock:      opcode<2> rising

  Data Path: carryout to carryout
                                Gate     Net
    Cell:in->out      fanout   Delay   Delay  Logical Name (Net Name)
    ----------------------------------------  ------------
     LD_1:G->Q             1   0.475   0.279  carryout (carryout_OBUF)
     OBUF:I->O                 0.000          carryout_OBUF (carryout)
    ----------------------------------------
    Total                      0.754ns (0.475ns logic, 0.279ns route)
                                       (63.0% logic, 37.0% route)

=========================================================================
Timing constraint: Default path analysis
  Total number of paths / destination ports: 14 / 2
-------------------------------------------------------------------------
Delay:               1.291ns (Levels of Logic = 4)
  Source:            B<0> (PAD)
  Destination:       result<1> (PAD)

  Data Path: B<0> to result<1>
                                Gate     Net
    Cell:in->out      fanout   Delay   Delay  Logical Name (Net Name)
    ----------------------------------------  ------------
     IBUF:I->O             3   0.001   0.521  B_0_IBUF (B_0_IBUF)
     LUT3:I0->O            1   0.097   0.295  result<1>_SW0 (N01)
     LUT6:I5->O            1   0.097   0.279  result<1> (result_1_OBUF)
     OBUF:I->O                 0.000          result_1_OBUF (result<1>)
    ----------------------------------------
    Total                      1.291ns (0.195ns logic, 1.096ns route)
                                       (15.1% logic, 84.9% route)

=========================================================================

Cross Clock Domains Report:
--------------------------

=========================================================================


Total REAL time to Xst completion: 13.00 secs
Total CPU time to Xst completion: 13.42 secs
 
--> 


Total memory usage is 593876 kilobytes

Number of errors   :    0 (   0 filtered)
Number of warnings :   12 (   0 filtered)
Number of infos    :    1 (   0 filtered)

